<?xml version="1.0" encoding="UTF-8"?>
<testsuite name="com.github.stephanenicolas.injectresource.InjectResourceProcessorInContentProviderTest" tests="1" skipped="0" failures="0" errors="0" timestamp="2014-08-25T22:57:48" hostname="MacBook-Pro-de-Admin.local" time="0.065">
  <properties/>
  <testcase name="shouldInjectResource_simple" classname="com.github.stephanenicolas.injectresource.InjectResourceProcessorInContentProviderTest" time="0.065"/>
  <system-out><![CDATA[18:57:48.256 [Test worker] DEBUG c.g.s.i.InjectResourceProcessor - Scanning fields in com.github.stephanenicolas.injectresource.InjectResourceProcessorInContentProviderTest
18:57:48.256 [Test worker] DEBUG c.g.s.i.InjectResourceProcessor - Discovered field RESOURCE_ID_STRING
18:57:48.256 [Test worker] DEBUG c.g.s.i.InjectResourceProcessor - Discovered field RESOURCE_ID_INTEGER
18:57:48.256 [Test worker] DEBUG c.g.s.i.InjectResourceProcessor - Discovered field RESOURCE_ID_BOOLEAN
18:57:48.256 [Test worker] DEBUG c.g.s.i.InjectResourceProcessor - Discovered field RESOURCE_ID_STRING_ARRAY
18:57:48.256 [Test worker] DEBUG c.g.s.i.InjectResourceProcessor - Discovered field RESOURCE_ID_INTEGER_ARRAY
18:57:48.256 [Test worker] DEBUG c.g.s.i.InjectResourceProcessor - Discovered field RESOURCE_ID_MOVIE
18:57:48.256 [Test worker] DEBUG c.g.s.i.InjectResourceProcessor - Discovered field RESOURCE_ID_ANIMATION
18:57:48.256 [Test worker] DEBUG c.g.s.i.InjectResourceProcessor - Discovered field RESOURCE_COLOR_STATE_LIST
18:57:48.274 [Test worker] DEBUG c.g.s.i.InjectResourceProcessor - Scanning fields in com.github.stephanenicolas.injectresource.InjectResourceProcessorInContentProviderTest$TestContentProvider
18:57:48.274 [Test worker] DEBUG c.g.s.i.InjectResourceProcessor - Discovered field string
18:57:48.274 [Test worker] DEBUG c.g.s.i.InjectResourceProcessor - Field string has annotation InjectResource
18:57:48.274 [Test worker] DEBUG c.g.s.i.InjectResourceProcessor - Discovered field intA
18:57:48.274 [Test worker] DEBUG c.g.s.i.InjectResourceProcessor - Field intA has annotation InjectResource
18:57:48.274 [Test worker] DEBUG c.g.s.i.InjectResourceProcessor - Discovered field intB
18:57:48.274 [Test worker] DEBUG c.g.s.i.InjectResourceProcessor - Field intB has annotation InjectResource
18:57:48.274 [Test worker] DEBUG c.g.s.i.InjectResourceProcessor - Discovered field boolA
18:57:48.274 [Test worker] DEBUG c.g.s.i.InjectResourceProcessor - Field boolA has annotation InjectResource
18:57:48.274 [Test worker] DEBUG c.g.s.i.InjectResourceProcessor - Discovered field boolB
18:57:48.274 [Test worker] DEBUG c.g.s.i.InjectResourceProcessor - Field boolB has annotation InjectResource
18:57:48.274 [Test worker] DEBUG c.g.s.i.InjectResourceProcessor - Discovered field arrayA
18:57:48.274 [Test worker] DEBUG c.g.s.i.InjectResourceProcessor - Field arrayA has annotation InjectResource
18:57:48.274 [Test worker] DEBUG c.g.s.i.InjectResourceProcessor - Discovered field arrayB
18:57:48.274 [Test worker] DEBUG c.g.s.i.InjectResourceProcessor - Field arrayB has annotation InjectResource
18:57:48.274 [Test worker] DEBUG c.g.s.i.InjectResourceProcessor - Discovered field movie
18:57:48.275 [Test worker] DEBUG c.g.s.i.InjectResourceProcessor - Field movie has annotation InjectResource
18:57:48.275 [Test worker] DEBUG c.g.s.i.InjectResourceProcessor - Discovered field anim
18:57:48.275 [Test worker] DEBUG c.g.s.i.InjectResourceProcessor - Field anim has annotation InjectResource
18:57:48.275 [Test worker] DEBUG c.g.s.i.InjectResourceProcessor - Discovered field colorStateList
18:57:48.275 [Test worker] DEBUG c.g.s.i.InjectResourceProcessor - Field colorStateList has annotation InjectResource
18:57:48.277 [Test worker] DEBUG c.g.s.i.InjectResourceProcessor - Class InjectResourceProcessorInContentProviderTest$TestContentProvider will get transformed: true
18:57:48.277 [Test worker] DEBUG c.g.s.i.InjectResourceTestRunner - Intercepting via InjectResource com.github.stephanenicolas.injectresource.InjectResourceProcessorInContentProviderTest$TestContentProvider
18:57:48.277 [Test worker] DEBUG c.g.s.i.InjectResourceProcessor - Analyzing InjectResourceProcessorInContentProviderTest$TestContentProvider
18:57:48.277 [Test worker] DEBUG c.g.s.i.InjectResourceProcessor - Scanning fields in com.github.stephanenicolas.injectresource.InjectResourceProcessorInContentProviderTest$TestContentProvider
18:57:48.277 [Test worker] DEBUG c.g.s.i.InjectResourceProcessor - Discovered field string
18:57:48.277 [Test worker] DEBUG c.g.s.i.InjectResourceProcessor - Field string has annotation InjectResource
18:57:48.277 [Test worker] DEBUG c.g.s.i.InjectResourceProcessor - Discovered field intA
18:57:48.277 [Test worker] DEBUG c.g.s.i.InjectResourceProcessor - Field intA has annotation InjectResource
18:57:48.277 [Test worker] DEBUG c.g.s.i.InjectResourceProcessor - Discovered field intB
18:57:48.277 [Test worker] DEBUG c.g.s.i.InjectResourceProcessor - Field intB has annotation InjectResource
18:57:48.278 [Test worker] DEBUG c.g.s.i.InjectResourceProcessor - Discovered field boolA
18:57:48.278 [Test worker] DEBUG c.g.s.i.InjectResourceProcessor - Field boolA has annotation InjectResource
18:57:48.278 [Test worker] DEBUG c.g.s.i.InjectResourceProcessor - Discovered field boolB
18:57:48.278 [Test worker] DEBUG c.g.s.i.InjectResourceProcessor - Field boolB has annotation InjectResource
18:57:48.278 [Test worker] DEBUG c.g.s.i.InjectResourceProcessor - Discovered field arrayA
18:57:48.278 [Test worker] DEBUG c.g.s.i.InjectResourceProcessor - Field arrayA has annotation InjectResource
18:57:48.278 [Test worker] DEBUG c.g.s.i.InjectResourceProcessor - Discovered field arrayB
18:57:48.278 [Test worker] DEBUG c.g.s.i.InjectResourceProcessor - Field arrayB has annotation InjectResource
18:57:48.278 [Test worker] DEBUG c.g.s.i.InjectResourceProcessor - Discovered field movie
18:57:48.278 [Test worker] DEBUG c.g.s.i.InjectResourceProcessor - Field movie has annotation InjectResource
18:57:48.278 [Test worker] DEBUG c.g.s.i.InjectResourceProcessor - Discovered field anim
18:57:48.278 [Test worker] DEBUG c.g.s.i.InjectResourceProcessor - Field anim has annotation InjectResource
18:57:48.279 [Test worker] DEBUG c.g.s.i.InjectResourceProcessor - Discovered field colorStateList
18:57:48.279 [Test worker] DEBUG c.g.s.i.InjectResourceProcessor - Field colorStateList has annotation InjectResource
18:57:48.280 [Test worker] DEBUG c.g.s.i.InjectResourceProcessor - Preliminary body (before insertion) :android.app.Application application = GET_APPLICATION_TAG;
android.content.res.Resources resources = application.getResources();
string = resources.getString(2130903040);
intA = resources.getInteger(2131165184);
intB = new Integer(resources.getInteger(2131165184));
boolA = resources.getBoolean(2130968576);
boolB = new Boolean(resources.getBoolean(2130968576));
arrayA = resources.getStringArray(2131230721);
arrayB = resources.getIntArray(2131230720);
movie = resources.getMovie(2130837504);
anim = android.view.animation.AnimationUtils.loadAnimation(application, 17432576);
colorStateList = resources.getColorStateList(2131034113);

Size of weaved byte code :3402
]]></system-out>
  <system-err><![CDATA[]]></system-err>
</testsuite>
