<component name="libraryTable">
  <library name="junit-4.8.2">
    <CLASSES>
      <root url="jar://$USER_HOME$/.gradle/caches/modules-2/files-2.1/junit/junit/4.8.2/c94f54227b08100974c36170dcb53329435fe5ad/junit-4.8.2.jar!/" />
    </CLASSES>
    <JAVADOC />
    <SOURCES />
  </library>
</component>